# JRE version: Java(TM) SE Runtime Environment (8.0_201-b09) (build 1.8.0_201-b09)
# Java VM: Java HotSpot(TM) 64-Bit Server VM (25.201-b09 mixed mode windows-amd64 compressed oops)
Heap:
 PSYoungGen      total 248832K, used 138607K [0x000000076c600000, 0x000000077e800000, 0x00000007c0000000)
  eden space 237056K, 53% used [0x000000076c600000,0x0000000774239458,0x000000077ad80000)
  from space 11776K, 96% used [0x000000077dc80000,0x000000077e7a2b48,0x000000077e800000)
  to   space 18432K, 0% used [0x000000077c400000,0x000000077c400000,0x000000077d600000)
 ParOldGen       total 162304K, used 23458K [0x00000006c5200000, 0x00000006cf080000, 0x000000076c600000)
  object space 162304K, 14% used [0x00000006c5200000,0x00000006c68e88b8,0x00000006cf080000)
 Metaspace       used 46799K, capacity 49382K, committed 49664K, reserved 1091584K
  class space    used 6354K, capacity 6829K, committed 6912K, reserved 1048576K
GC Heap History (10 events):
Event: 6.306 GC heap before
{Heap before GC invocations=6 (full 1):
 PSYoungGen      total 111616K, used 111539K [0x000000076c600000, 0x0000000775500000, 0x00000007c0000000)
  eden space 104960K, 100% used [0x000000076c600000,0x0000000772c80000,0x0000000772c80000)
  from space 6656K, 98% used [0x0000000774e80000,0x00000007754ecff8,0x0000000775500000)
  to   space 10752K, 0% used [0x0000000774000000,0x0000000774000000,0x0000000774a80000)
 ParOldGen       total 97792K, used 9174K [0x00000006c5200000, 0x00000006cb180000, 0x000000076c600000)
  object space 97792K, 9% used [0x00000006c5200000,0x00000006c5af5a48,0x00000006cb180000)
 Metaspace       used 25541K, capacity 26458K, committed 26752K, reserved 1073152K
  class space    used 3416K, capacity 3642K, committed 3712K, reserved 1048576K
Event: 6.317 GC heap after
Heap after GC invocations=6 (full 1):
 PSYoungGen      total 135680K, used 10746K [0x000000076c600000, 0x0000000778380000, 0x00000007c0000000)
  eden space 124928K, 0% used [0x000000076c600000,0x000000076c600000,0x0000000774000000)
  from space 10752K, 99% used [0x0000000774000000,0x0000000774a7eb88,0x0000000774a80000)
  to   space 12288K, 0% used [0x0000000777780000,0x0000000777780000,0x0000000778380000)
 ParOldGen       total 97792K, used 9768K [0x00000006c5200000, 0x00000006cb180000, 0x000000076c600000)
  object space 97792K, 9% used [0x00000006c5200000,0x00000006c5b8a2d0,0x00000006cb180000)
 Metaspace       used 25541K, capacity 26458K, committed 26752K, reserved 1073152K
  class space    used 3416K, capacity 3642K, committed 3712K, reserved 1048576K
}
Event: 7.947 GC heap before
{Heap before GC invocations=7 (full 1):
 PSYoungGen      total 135680K, used 135674K [0x000000076c600000, 0x0000000778380000, 0x00000007c0000000)
  eden space 124928K, 100% used [0x000000076c600000,0x0000000774000000,0x0000000774000000)
  from space 10752K, 99% used [0x0000000774000000,0x0000000774a7eb88,0x0000000774a80000)
  to   space 12288K, 0% used [0x0000000777780000,0x0000000777780000,0x0000000778380000)
 ParOldGen       total 97792K, used 9768K [0x00000006c5200000, 0x00000006cb180000, 0x000000076c600000)
  object space 97792K, 9% used [0x00000006c5200000,0x00000006c5b8a2d0,0x00000006cb180000)
 Metaspace       used 31817K, capacity 33224K, committed 33536K, reserved 1079296K
  class space    used 4273K, capacity 4559K, committed 4608K, reserved 1048576K
Event: 7.963 GC heap after
Heap after GC invocations=7 (full 1):
 PSYoungGen      total 176128K, used 12272K [0x000000076c600000, 0x000000077ab80000, 0x00000007c0000000)
  eden space 163840K, 0% used [0x000000076c600000,0x000000076c600000,0x0000000776600000)
  from space 12288K, 99% used [0x0000000777780000,0x000000077837c378,0x0000000778380000)
  to   space 17920K, 0% used [0x0000000776600000,0x0000000776600000,0x0000000777780000)
 ParOldGen       total 97792K, used 16616K [0x00000006c5200000, 0x00000006cb180000, 0x000000076c600000)
  object space 97792K, 16% used [0x00000006c5200000,0x00000006c623a090,0x00000006cb180000)
 Metaspace       used 31817K, capacity 33224K, committed 33536K, reserved 1079296K
  class space    used 4273K, capacity 4559K, committed 4608K, reserved 1048576K
}
Event: 8.790 GC heap before
{Heap before GC invocations=8 (full 1):
 PSYoungGen      total 176128K, used 64557K [0x000000076c600000, 0x000000077ab80000, 0x00000007c0000000)
  eden space 163840K, 31% used [0x000000076c600000,0x000000076f90f0c0,0x0000000776600000)
  from space 12288K, 99% used [0x0000000777780000,0x000000077837c378,0x0000000778380000)
  to   space 17920K, 0% used [0x0000000776600000,0x0000000776600000,0x0000000777780000)
 ParOldGen       total 97792K, used 16616K [0x00000006c5200000, 0x00000006cb180000, 0x000000076c600000)
  object space 97792K, 16% used [0x00000006c5200000,0x00000006c623a090,0x00000006cb180000)
 Metaspace       used 33697K, capacity 35366K, committed 35496K, reserved 1079296K
  class space    used 4574K, capacity 4898K, committed 4992K, reserved 1048576K
Event: 8.806 GC heap after
Heap after GC invocations=8 (full 1):
 PSYoungGen      total 181760K, used 15349K [0x000000076c600000, 0x000000077ef80000, 0x00000007c0000000)
  eden space 163840K, 0% used [0x000000076c600000,0x000000076c600000,0x0000000776600000)
  from space 17920K, 85% used [0x0000000776600000,0x00000007774fd4c0,0x0000000777780000)
  to   space 19456K, 0% used [0x000000077dc80000,0x000000077dc80000,0x000000077ef80000)
 ParOldGen       total 97792K, used 16624K [0x00000006c5200000, 0x00000006cb180000, 0x000000076c600000)
  object space 97792K, 16% used [0x00000006c5200000,0x00000006c623c090,0x00000006cb180000)
 Metaspace       used 33697K, capacity 35366K, committed 35496K, reserved 1079296K
  class space    used 4574K, capacity 4898K, committed 4992K, reserved 1048576K
}
Event: 8.806 GC heap before
{Heap before GC invocations=9 (full 2):
 PSYoungGen      total 181760K, used 15349K [0x000000076c600000, 0x000000077ef80000, 0x00000007c0000000)
  eden space 163840K, 0% used [0x000000076c600000,0x000000076c600000,0x0000000776600000)
  from space 17920K, 85% used [0x0000000776600000,0x00000007774fd4c0,0x0000000777780000)
  to   space 19456K, 0% used [0x000000077dc80000,0x000000077dc80000,0x000000077ef80000)
 ParOldGen       total 97792K, used 16624K [0x00000006c5200000, 0x00000006cb180000, 0x000000076c600000)
  object space 97792K, 16% used [0x00000006c5200000,0x00000006c623c090,0x00000006cb180000)
 Metaspace       used 33697K, capacity 35366K, committed 35496K, reserved 1079296K
  class space    used 4574K, capacity 4898K, committed 4992K, reserved 1048576K
Event: 8.898 GC heap after
Heap after GC invocations=9 (full 2):
 PSYoungGen      total 181760K, used 0K [0x000000076c600000, 0x000000077ef80000, 0x00000007c0000000)
  eden space 163840K, 0% used [0x000000076c600000,0x000000076c600000,0x0000000776600000)
  from space 17920K, 0% used [0x0000000776600000,0x0000000776600000,0x0000000777780000)
  to   space 19456K, 0% used [0x000000077dc80000,0x000000077dc80000,0x000000077ef80000)
 ParOldGen       total 162304K, used 23450K [0x00000006c5200000, 0x00000006cf080000, 0x000000076c600000)
  object space 162304K, 14% used [0x00000006c5200000,0x00000006c68e68b8,0x00000006cf080000)
 Metaspace       used 33697K, capacity 35366K, committed 35496K, reserved 1079296K
  class space    used 4574K, capacity 4898K, committed 4992K, reserved 1048576K
}
Event: 10.928 GC heap before
{Heap before GC invocations=10 (full 2):
 PSYoungGen      total 181760K, used 163840K [0x000000076c600000, 0x000000077ef80000, 0x00000007c0000000)
  eden space 163840K, 100% used [0x000000076c600000,0x0000000776600000,0x0000000776600000)
  from space 17920K, 0% used [0x0000000776600000,0x0000000776600000,0x0000000777780000)
  to   space 19456K, 0% used [0x000000077dc80000,0x000000077dc80000,0x000000077ef80000)
 ParOldGen       total 162304K, used 23450K [0x00000006c5200000, 0x00000006cf080000, 0x000000076c600000)
  object space 162304K, 14% used [0x00000006c5200000,0x00000006c68e68b8,0x00000006cf080000)
 Metaspace       used 40367K, capacity 42492K, committed 42624K, reserved 1085440K
  class space    used 5549K, capacity 5940K, committed 6016K, reserved 1048576K
Event: 10.941 GC heap after
Heap after GC invocations=10 (full 2):
 PSYoungGen      total 248832K, used 11402K [0x000000076c600000, 0x000000077e800000, 0x00000007c0000000)
  eden space 237056K, 0% used [0x000000076c600000,0x000000076c600000,0x000000077ad80000)
  from space 11776K, 96% used [0x000000077dc80000,0x000000077e7a2b48,0x000000077e800000)
  to   space 18432K, 0% used [0x000000077c400000,0x000000077c400000,0x000000077d600000)
 ParOldGen       total 162304K, used 23458K [0x00000006c5200000, 0x00000006cf080000, 0x000000076c600000)
  object space 162304K, 14% used [0x00000006c5200000,0x00000006c68e88b8,0x00000006cf080000)
 Metaspace       used 40367K, capacity 42492K, committed 42624K, reserved 1085440K
  class space    used 5549K, capacity 5940K, committed 6016K, reserved 1048576K
}

