# JRE version: Java(TM) SE Runtime Environment (8.0_201-b09) (build 1.8.0_201-b09)
# Java VM: Java HotSpot(TM) 64-Bit Server VM (25.201-b09 mixed mode windows-amd64 compressed oops)
Heap:
 PSYoungGen      total 211968K, used 153388K [0x000000076c600000, 0x000000077bd00000, 0x00000007c0000000)
  eden space 201728K, 71% used [0x000000076c600000,0x0000000775233e58,0x0000000778b00000)
  from space 10240K, 95% used [0x000000077b300000,0x000000077bc97518,0x000000077bd00000)
  to   space 18432K, 0% used [0x0000000779900000,0x0000000779900000,0x000000077ab00000)
 ParOldGen       total 173568K, used 23535K [0x00000006c5200000, 0x00000006cfb80000, 0x000000076c600000)
  object space 173568K, 13% used [0x00000006c5200000,0x00000006c68fbde8,0x00000006cfb80000)
 Metaspace       used 46780K, capacity 49211K, committed 49408K, reserved 1091584K
  class space    used 6354K, capacity 6796K, committed 6912K, reserved 1048576K
GC Heap History (10 events):
Event: 5.893 GC heap before
{Heap before GC invocations=6 (full 1):
 PSYoungGen      total 104960K, used 104912K [0x000000076c600000, 0x0000000775480000, 0x00000007c0000000)
  eden space 98816K, 100% used [0x000000076c600000,0x0000000772680000,0x0000000772680000)
  from space 6144K, 99% used [0x0000000774e80000,0x0000000775474268,0x0000000775480000)
  to   space 10752K, 0% used [0x0000000773f80000,0x0000000773f80000,0x0000000774a00000)
 ParOldGen       total 103936K, used 9053K [0x00000006c5200000, 0x00000006cb780000, 0x000000076c600000)
  object space 103936K, 8% used [0x00000006c5200000,0x00000006c5ad7450,0x00000006cb780000)
 Metaspace       used 24871K, capacity 25761K, committed 25856K, reserved 1071104K
  class space    used 3316K, capacity 3564K, committed 3584K, reserved 1048576K
Event: 5.902 GC heap after
Heap after GC invocations=6 (full 1):
 PSYoungGen      total 135168K, used 10738K [0x000000076c600000, 0x0000000776f00000, 0x00000007c0000000)
  eden space 124416K, 0% used [0x000000076c600000,0x000000076c600000,0x0000000773f80000)
  from space 10752K, 99% used [0x0000000773f80000,0x00000007749fcb88,0x0000000774a00000)
  to   space 11776K, 0% used [0x0000000776380000,0x0000000776380000,0x0000000776f00000)
 ParOldGen       total 103936K, used 9077K [0x00000006c5200000, 0x00000006cb780000, 0x000000076c600000)
  object space 103936K, 8% used [0x00000006c5200000,0x00000006c5add7d8,0x00000006cb780000)
 Metaspace       used 24871K, capacity 25761K, committed 25856K, reserved 1071104K
  class space    used 3316K, capacity 3564K, committed 3584K, reserved 1048576K
}
Event: 7.269 GC heap before
{Heap before GC invocations=7 (full 1):
 PSYoungGen      total 135168K, used 135154K [0x000000076c600000, 0x0000000776f00000, 0x00000007c0000000)
  eden space 124416K, 100% used [0x000000076c600000,0x0000000773f80000,0x0000000773f80000)
  from space 10752K, 99% used [0x0000000773f80000,0x00000007749fcb88,0x0000000774a00000)
  to   space 11776K, 0% used [0x0000000776380000,0x0000000776380000,0x0000000776f00000)
 ParOldGen       total 103936K, used 9077K [0x00000006c5200000, 0x00000006cb780000, 0x000000076c600000)
  object space 103936K, 8% used [0x00000006c5200000,0x00000006c5add7d8,0x00000006cb780000)
 Metaspace       used 31613K, capacity 32995K, committed 33280K, reserved 1077248K
  class space    used 4254K, capacity 4527K, committed 4608K, reserved 1048576K
Event: 7.286 GC heap after
Heap after GC invocations=7 (full 1):
 PSYoungGen      total 155648K, used 11745K [0x000000076c600000, 0x000000077a080000, 0x00000007c0000000)
  eden space 143872K, 0% used [0x000000076c600000,0x000000076c600000,0x0000000775280000)
  from space 11776K, 99% used [0x0000000776380000,0x0000000776ef8640,0x0000000776f00000)
  to   space 17408K, 0% used [0x0000000775280000,0x0000000775280000,0x0000000776380000)
 ParOldGen       total 103936K, used 16680K [0x00000006c5200000, 0x00000006cb780000, 0x000000076c600000)
  object space 103936K, 16% used [0x00000006c5200000,0x00000006c624a240,0x00000006cb780000)
 Metaspace       used 31613K, capacity 32995K, committed 33280K, reserved 1077248K
  class space    used 4254K, capacity 4527K, committed 4608K, reserved 1048576K
}
Event: 8.018 GC heap before
{Heap before GC invocations=8 (full 1):
 PSYoungGen      total 155648K, used 74056K [0x000000076c600000, 0x000000077a080000, 0x00000007c0000000)
  eden space 143872K, 43% used [0x000000076c600000,0x00000007702d9d78,0x0000000775280000)
  from space 11776K, 99% used [0x0000000776380000,0x0000000776ef8640,0x0000000776f00000)
  to   space 17408K, 0% used [0x0000000775280000,0x0000000775280000,0x0000000776380000)
 ParOldGen       total 103936K, used 16680K [0x00000006c5200000, 0x00000006cb780000, 0x000000076c600000)
  object space 103936K, 16% used [0x00000006c5200000,0x00000006c624a240,0x00000006cb780000)
 Metaspace       used 33691K, capacity 35361K, committed 35456K, reserved 1079296K
  class space    used 4575K, capacity 4898K, committed 4992K, reserved 1048576K
Event: 8.031 GC heap after
Heap after GC invocations=8 (full 1):
 PSYoungGen      total 161280K, used 15273K [0x000000076c600000, 0x000000077c600000, 0x00000007c0000000)
  eden space 143872K, 0% used [0x000000076c600000,0x000000076c600000,0x0000000775280000)
  from space 17408K, 87% used [0x0000000775280000,0x000000077616a4f0,0x0000000776380000)
  to   space 19456K, 0% used [0x000000077b300000,0x000000077b300000,0x000000077c600000)
 ParOldGen       total 103936K, used 16688K [0x00000006c5200000, 0x00000006cb780000, 0x000000076c600000)
  object space 103936K, 16% used [0x00000006c5200000,0x00000006c624c240,0x00000006cb780000)
 Metaspace       used 33691K, capacity 35361K, committed 35456K, reserved 1079296K
  class space    used 4575K, capacity 4898K, committed 4992K, reserved 1048576K
}
Event: 8.031 GC heap before
{Heap before GC invocations=9 (full 2):
 PSYoungGen      total 161280K, used 15273K [0x000000076c600000, 0x000000077c600000, 0x00000007c0000000)
  eden space 143872K, 0% used [0x000000076c600000,0x000000076c600000,0x0000000775280000)
  from space 17408K, 87% used [0x0000000775280000,0x000000077616a4f0,0x0000000776380000)
  to   space 19456K, 0% used [0x000000077b300000,0x000000077b300000,0x000000077c600000)
 ParOldGen       total 103936K, used 16688K [0x00000006c5200000, 0x00000006cb780000, 0x000000076c600000)
  object space 103936K, 16% used [0x00000006c5200000,0x00000006c624c240,0x00000006cb780000)
 Metaspace       used 33691K, capacity 35361K, committed 35456K, reserved 1079296K
  class space    used 4575K, capacity 4898K, committed 4992K, reserved 1048576K
Event: 8.108 GC heap after
Heap after GC invocations=9 (full 2):
 PSYoungGen      total 161280K, used 0K [0x000000076c600000, 0x000000077c600000, 0x00000007c0000000)
  eden space 143872K, 0% used [0x000000076c600000,0x000000076c600000,0x0000000775280000)
  from space 17408K, 0% used [0x0000000775280000,0x0000000775280000,0x0000000776380000)
  to   space 19456K, 0% used [0x000000077b300000,0x000000077b300000,0x000000077c600000)
 ParOldGen       total 173568K, used 23527K [0x00000006c5200000, 0x00000006cfb80000, 0x000000076c600000)
  object space 173568K, 13% used [0x00000006c5200000,0x00000006c68f9de8,0x00000006cfb80000)
 Metaspace       used 33691K, capacity 35361K, committed 35456K, reserved 1079296K
  class space    used 4575K, capacity 4898K, committed 4992K, reserved 1048576K
}
Event: 26.418 GC heap before
{Heap before GC invocations=10 (full 2):
 PSYoungGen      total 161280K, used 143872K [0x000000076c600000, 0x000000077c600000, 0x00000007c0000000)
  eden space 143872K, 100% used [0x000000076c600000,0x0000000775280000,0x0000000775280000)
  from space 17408K, 0% used [0x0000000775280000,0x0000000775280000,0x0000000776380000)
  to   space 19456K, 0% used [0x000000077b300000,0x000000077b300000,0x000000077c600000)
 ParOldGen       total 173568K, used 23527K [0x00000006c5200000, 0x00000006cfb80000, 0x000000076c600000)
  object space 173568K, 13% used [0x00000006c5200000,0x00000006c68f9de8,0x00000006cfb80000)
 Metaspace       used 39163K, capacity 41223K, committed 41472K, reserved 1085440K
  class space    used 5378K, capacity 5764K, committed 5888K, reserved 1048576K
Event: 26.428 GC heap after
Heap after GC invocations=10 (full 2):
 PSYoungGen      total 211968K, used 9821K [0x000000076c600000, 0x000000077bd00000, 0x00000007c0000000)
  eden space 201728K, 0% used [0x000000076c600000,0x000000076c600000,0x0000000778b00000)
  from space 10240K, 95% used [0x000000077b300000,0x000000077bc97518,0x000000077bd00000)
  to   space 18432K, 0% used [0x0000000779900000,0x0000000779900000,0x000000077ab00000)
 ParOldGen       total 173568K, used 23535K [0x00000006c5200000, 0x00000006cfb80000, 0x000000076c600000)
  object space 173568K, 13% used [0x00000006c5200000,0x00000006c68fbde8,0x00000006cfb80000)
 Metaspace       used 39163K, capacity 41223K, committed 41472K, reserved 1085440K
  class space    used 5378K, capacity 5764K, committed 5888K, reserved 1048576K
}

