# JRE version: Java(TM) SE Runtime Environment (8.0_201-b09) (build 1.8.0_201-b09)
# Java VM: Java HotSpot(TM) 64-Bit Server VM (25.201-b09 mixed mode windows-amd64 compressed oops)
Heap:
 PSYoungGen      total 257536K, used 110340K [0x000000076c600000, 0x000000077f700000, 0x00000007c0000000)
  eden space 245248K, 40% used [0x000000076c600000,0x0000000772601788,0x000000077b580000)
  from space 12288K, 97% used [0x000000077eb00000,0x000000077f6bfbb8,0x000000077f700000)
  to   space 18432K, 0% used [0x000000077d300000,0x000000077d300000,0x000000077e500000)
 ParOldGen       total 157184K, used 22926K [0x00000006c5200000, 0x00000006ceb80000, 0x000000076c600000)
  object space 157184K, 14% used [0x00000006c5200000,0x00000006c6863b20,0x00000006ceb80000)
 Metaspace       used 46124K, capacity 48642K, committed 48808K, reserved 1091584K
  class space    used 6339K, capacity 6791K, committed 6824K, reserved 1048576K
GC Heap History (10 events):
Event: 10.163 GC heap before
{Heap before GC invocations=6 (full 1):
 PSYoungGen      total 113152K, used 112658K [0x000000076c600000, 0x0000000775580000, 0x00000007c0000000)
  eden space 105984K, 100% used [0x000000076c600000,0x0000000772d80000,0x0000000772d80000)
  from space 7168K, 93% used [0x0000000774e80000,0x0000000775504bb8,0x0000000775580000)
  to   space 10752K, 0% used [0x0000000774080000,0x0000000774080000,0x0000000774b00000)
 ParOldGen       total 95744K, used 8618K [0x00000006c5200000, 0x00000006caf80000, 0x000000076c600000)
  object space 95744K, 9% used [0x00000006c5200000,0x00000006c5a6a9c8,0x00000006caf80000)
 Metaspace       used 25468K, capacity 26444K, committed 26624K, reserved 1073152K
  class space    used 3482K, capacity 3715K, committed 3840K, reserved 1048576K
Event: 10.180 GC heap after
Heap after GC invocations=6 (full 1):
 PSYoungGen      total 136192K, used 10749K [0x000000076c600000, 0x0000000778680000, 0x00000007c0000000)
  eden space 125440K, 0% used [0x000000076c600000,0x000000076c600000,0x0000000774080000)
  from space 10752K, 99% used [0x0000000774080000,0x0000000774aff7b0,0x0000000774b00000)
  to   space 12288K, 0% used [0x0000000777a80000,0x0000000777a80000,0x0000000778680000)
 ParOldGen       total 95744K, used 9328K [0x00000006c5200000, 0x00000006caf80000, 0x000000076c600000)
  object space 95744K, 9% used [0x00000006c5200000,0x00000006c5b1c148,0x00000006caf80000)
 Metaspace       used 25468K, capacity 26444K, committed 26624K, reserved 1073152K
  class space    used 3482K, capacity 3715K, committed 3840K, reserved 1048576K
}
Event: 13.078 GC heap before
{Heap before GC invocations=7 (full 1):
 PSYoungGen      total 136192K, used 136189K [0x000000076c600000, 0x0000000778680000, 0x00000007c0000000)
  eden space 125440K, 100% used [0x000000076c600000,0x0000000774080000,0x0000000774080000)
  from space 10752K, 99% used [0x0000000774080000,0x0000000774aff7b0,0x0000000774b00000)
  to   space 12288K, 0% used [0x0000000777a80000,0x0000000777a80000,0x0000000778680000)
 ParOldGen       total 95744K, used 9328K [0x00000006c5200000, 0x00000006caf80000, 0x000000076c600000)
  object space 95744K, 9% used [0x00000006c5200000,0x00000006c5b1c148,0x00000006caf80000)
 Metaspace       used 32353K, capacity 33996K, committed 34304K, reserved 1079296K
  class space    used 4434K, capacity 4771K, committed 4864K, reserved 1048576K
Event: 13.115 GC heap after
Heap after GC invocations=7 (full 1):
 PSYoungGen      total 179200K, used 12286K [0x000000076c600000, 0x000000077af80000, 0x00000007c0000000)
  eden space 166912K, 0% used [0x000000076c600000,0x000000076c600000,0x0000000776900000)
  from space 12288K, 99% used [0x0000000777a80000,0x000000077867f9c0,0x0000000778680000)
  to   space 17920K, 0% used [0x0000000776900000,0x0000000776900000,0x0000000777a80000)
 ParOldGen       total 95744K, used 16982K [0x00000006c5200000, 0x00000006caf80000, 0x000000076c600000)
  object space 95744K, 17% used [0x00000006c5200000,0x00000006c6295ad0,0x00000006caf80000)
 Metaspace       used 32353K, capacity 33996K, committed 34304K, reserved 1079296K
  class space    used 4434K, capacity 4771K, committed 4864K, reserved 1048576K
}
Event: 13.976 GC heap before
{Heap before GC invocations=8 (full 1):
 PSYoungGen      total 179200K, used 60199K [0x000000076c600000, 0x000000077af80000, 0x00000007c0000000)
  eden space 166912K, 28% used [0x000000076c600000,0x000000076f4ca410,0x0000000776900000)
  from space 12288K, 99% used [0x0000000777a80000,0x000000077867f9c0,0x0000000778680000)
  to   space 17920K, 0% used [0x0000000776900000,0x0000000776900000,0x0000000777a80000)
 ParOldGen       total 95744K, used 16982K [0x00000006c5200000, 0x00000006caf80000, 0x000000076c600000)
  object space 95744K, 17% used [0x00000006c5200000,0x00000006c6295ad0,0x00000006caf80000)
 Metaspace       used 33671K, capacity 35468K, committed 35496K, reserved 1079296K
  class space    used 4638K, capacity 5005K, committed 5032K, reserved 1048576K
Event: 14.004 GC heap after
Heap after GC invocations=8 (full 1):
 PSYoungGen      total 184832K, used 14273K [0x000000076c600000, 0x000000077fd80000, 0x00000007c0000000)
  eden space 166912K, 0% used [0x000000076c600000,0x000000076c600000,0x0000000776900000)
  from space 17920K, 79% used [0x0000000776900000,0x00000007776f0770,0x0000000777a80000)
  to   space 18944K, 0% used [0x000000077eb00000,0x000000077eb00000,0x000000077fd80000)
 ParOldGen       total 95744K, used 16990K [0x00000006c5200000, 0x00000006caf80000, 0x000000076c600000)
  object space 95744K, 17% used [0x00000006c5200000,0x00000006c6297ad0,0x00000006caf80000)
 Metaspace       used 33671K, capacity 35468K, committed 35496K, reserved 1079296K
  class space    used 4638K, capacity 5005K, committed 5032K, reserved 1048576K
}
Event: 14.004 GC heap before
{Heap before GC invocations=9 (full 2):
 PSYoungGen      total 184832K, used 14273K [0x000000076c600000, 0x000000077fd80000, 0x00000007c0000000)
  eden space 166912K, 0% used [0x000000076c600000,0x000000076c600000,0x0000000776900000)
  from space 17920K, 79% used [0x0000000776900000,0x00000007776f0770,0x0000000777a80000)
  to   space 18944K, 0% used [0x000000077eb00000,0x000000077eb00000,0x000000077fd80000)
 ParOldGen       total 95744K, used 16990K [0x00000006c5200000, 0x00000006caf80000, 0x000000076c600000)
  object space 95744K, 17% used [0x00000006c5200000,0x00000006c6297ad0,0x00000006caf80000)
 Metaspace       used 33671K, capacity 35468K, committed 35496K, reserved 1079296K
  class space    used 4638K, capacity 5005K, committed 5032K, reserved 1048576K
Event: 14.172 GC heap after
Heap after GC invocations=9 (full 2):
 PSYoungGen      total 184832K, used 0K [0x000000076c600000, 0x000000077fd80000, 0x00000007c0000000)
  eden space 166912K, 0% used [0x000000076c600000,0x000000076c600000,0x0000000776900000)
  from space 17920K, 0% used [0x0000000776900000,0x0000000776900000,0x0000000777a80000)
  to   space 18944K, 0% used [0x000000077eb00000,0x000000077eb00000,0x000000077fd80000)
 ParOldGen       total 157184K, used 22918K [0x00000006c5200000, 0x00000006ceb80000, 0x000000076c600000)
  object space 157184K, 14% used [0x00000006c5200000,0x00000006c6861b20,0x00000006ceb80000)
 Metaspace       used 33671K, capacity 35468K, committed 35496K, reserved 1079296K
  class space    used 4638K, capacity 5005K, committed 5032K, reserved 1048576K
}
Event: 17.103 GC heap before
{Heap before GC invocations=10 (full 2):
 PSYoungGen      total 184832K, used 166912K [0x000000076c600000, 0x000000077fd80000, 0x00000007c0000000)
  eden space 166912K, 100% used [0x000000076c600000,0x0000000776900000,0x0000000776900000)
  from space 17920K, 0% used [0x0000000776900000,0x0000000776900000,0x0000000777a80000)
  to   space 18944K, 0% used [0x000000077eb00000,0x000000077eb00000,0x000000077fd80000)
 ParOldGen       total 157184K, used 22918K [0x00000006c5200000, 0x00000006ceb80000, 0x000000076c600000)
  object space 157184K, 14% used [0x00000006c5200000,0x00000006c6861b20,0x00000006ceb80000)
 Metaspace       used 40539K, capacity 42740K, committed 43048K, reserved 1085440K
  class space    used 5667K, capacity 6074K, committed 6184K, reserved 1048576K
Event: 17.122 GC heap after
Heap after GC invocations=10 (full 2):
 PSYoungGen      total 257536K, used 12030K [0x000000076c600000, 0x000000077f700000, 0x00000007c0000000)
  eden space 245248K, 0% used [0x000000076c600000,0x000000076c600000,0x000000077b580000)
  from space 12288K, 97% used [0x000000077eb00000,0x000000077f6bfbb8,0x000000077f700000)
  to   space 18432K, 0% used [0x000000077d300000,0x000000077d300000,0x000000077e500000)
 ParOldGen       total 157184K, used 22926K [0x00000006c5200000, 0x00000006ceb80000, 0x000000076c600000)
  object space 157184K, 14% used [0x00000006c5200000,0x00000006c6863b20,0x00000006ceb80000)
 Metaspace       used 40539K, capacity 42740K, committed 43048K, reserved 1085440K
  class space    used 5667K, capacity 6074K, committed 6184K, reserved 1048576K
}

