# JRE version: Java(TM) SE Runtime Environment (8.0_201-b09) (build 1.8.0_201-b09)
# Java VM: Java HotSpot(TM) 64-Bit Server VM (25.201-b09 mixed mode windows-amd64 compressed oops)
Heap:
 PSYoungGen      total 241152K, used 167246K [0x000000076c600000, 0x000000077d880000, 0x00000007c0000000)
  eden space 229888K, 67% used [0x000000076c600000,0x0000000775ea2aa0,0x000000077a680000)
  from space 11264K, 97% used [0x000000077cd80000,0x000000077d830f48,0x000000077d880000)
  to   space 18432K, 0% used [0x000000077b480000,0x000000077b480000,0x000000077c680000)
 ParOldGen       total 171520K, used 23503K [0x00000006c5200000, 0x00000006cf980000, 0x000000076c600000)
  object space 171520K, 13% used [0x00000006c5200000,0x00000006c68f3da0,0x00000006cf980000)
 Metaspace       used 49044K, capacity 51704K, committed 51968K, reserved 1093632K
  class space    used 6659K, capacity 7144K, committed 7168K, reserved 1048576K
GC Heap History (10 events):
Event: 8.197 GC heap before
{Heap before GC invocations=6 (full 1):
 PSYoungGen      total 110080K, used 109950K [0x000000076c600000, 0x0000000775500000, 0x00000007c0000000)
  eden space 103424K, 100% used [0x000000076c600000,0x0000000772b00000,0x0000000772b00000)
  from space 6656K, 98% used [0x0000000774e80000,0x00000007754dfa60,0x0000000775500000)
  to   space 10752K, 0% used [0x0000000774000000,0x0000000774000000,0x0000000774a80000)
 ParOldGen       total 104960K, used 9119K [0x00000006c5200000, 0x00000006cb880000, 0x000000076c600000)
  object space 104960K, 8% used [0x00000006c5200000,0x00000006c5ae7eb8,0x00000006cb880000)
 Metaspace       used 25410K, capacity 26330K, committed 26496K, reserved 1073152K
  class space    used 3393K, capacity 3642K, committed 3712K, reserved 1048576K
Event: 8.212 GC heap after
Heap after GC invocations=6 (full 1):
 PSYoungGen      total 135680K, used 10746K [0x000000076c600000, 0x0000000777d80000, 0x00000007c0000000)
  eden space 124928K, 0% used [0x000000076c600000,0x000000076c600000,0x0000000774000000)
  from space 10752K, 99% used [0x0000000774000000,0x0000000774a7e990,0x0000000774a80000)
  to   space 12288K, 0% used [0x0000000777180000,0x0000000777180000,0x0000000777d80000)
 ParOldGen       total 104960K, used 9679K [0x00000006c5200000, 0x00000006cb880000, 0x000000076c600000)
  object space 104960K, 9% used [0x00000006c5200000,0x00000006c5b73cc0,0x00000006cb880000)
 Metaspace       used 25410K, capacity 26330K, committed 26496K, reserved 1073152K
  class space    used 3393K, capacity 3642K, committed 3712K, reserved 1048576K
}
Event: 10.148 GC heap before
{Heap before GC invocations=7 (full 1):
 PSYoungGen      total 135680K, used 135674K [0x000000076c600000, 0x0000000777d80000, 0x00000007c0000000)
  eden space 124928K, 100% used [0x000000076c600000,0x0000000774000000,0x0000000774000000)
  from space 10752K, 99% used [0x0000000774000000,0x0000000774a7e990,0x0000000774a80000)
  to   space 12288K, 0% used [0x0000000777180000,0x0000000777180000,0x0000000777d80000)
 ParOldGen       total 104960K, used 9679K [0x00000006c5200000, 0x00000006cb880000, 0x000000076c600000)
  object space 104960K, 9% used [0x00000006c5200000,0x00000006c5b73cc0,0x00000006cb880000)
 Metaspace       used 31616K, capacity 32992K, committed 33280K, reserved 1077248K
  class space    used 4257K, capacity 4527K, committed 4608K, reserved 1048576K
Event: 10.170 GC heap after
Heap after GC invocations=7 (full 1):
 PSYoungGen      total 169984K, used 12277K [0x000000076c600000, 0x000000077a700000, 0x00000007c0000000)
  eden space 157696K, 0% used [0x000000076c600000,0x000000076c600000,0x0000000776000000)
  from space 12288K, 99% used [0x0000000777180000,0x0000000777d7d650,0x0000000777d80000)
  to   space 17920K, 0% used [0x0000000776000000,0x0000000776000000,0x0000000777180000)
 ParOldGen       total 104960K, used 16486K [0x00000006c5200000, 0x00000006cb880000, 0x000000076c600000)
  object space 104960K, 15% used [0x00000006c5200000,0x00000006c6219918,0x00000006cb880000)
 Metaspace       used 31616K, capacity 32992K, committed 33280K, reserved 1077248K
  class space    used 4257K, capacity 4527K, committed 4608K, reserved 1048576K
}
Event: 11.079 GC heap before
{Heap before GC invocations=8 (full 1):
 PSYoungGen      total 169984K, used 69897K [0x000000076c600000, 0x000000077a700000, 0x00000007c0000000)
  eden space 157696K, 36% used [0x000000076c600000,0x000000076fe450e8,0x0000000776000000)
  from space 12288K, 99% used [0x0000000777180000,0x0000000777d7d650,0x0000000777d80000)
  to   space 17920K, 0% used [0x0000000776000000,0x0000000776000000,0x0000000777180000)
 ParOldGen       total 104960K, used 16486K [0x00000006c5200000, 0x00000006cb880000, 0x000000076c600000)
  object space 104960K, 15% used [0x00000006c5200000,0x00000006c6219918,0x00000006cb880000)
 Metaspace       used 33706K, capacity 35390K, committed 35456K, reserved 1079296K
  class space    used 4578K, capacity 4930K, committed 4992K, reserved 1048576K
Event: 11.099 GC heap after
Heap after GC invocations=8 (full 1):
 PSYoungGen      total 175616K, used 15721K [0x000000076c600000, 0x000000077e080000, 0x00000007c0000000)
  eden space 157696K, 0% used [0x000000076c600000,0x000000076c600000,0x0000000776000000)
  from space 17920K, 87% used [0x0000000776000000,0x0000000776f5a4f0,0x0000000777180000)
  to   space 19456K, 0% used [0x000000077cd80000,0x000000077cd80000,0x000000077e080000)
 ParOldGen       total 104960K, used 16494K [0x00000006c5200000, 0x00000006cb880000, 0x000000076c600000)
  object space 104960K, 15% used [0x00000006c5200000,0x00000006c621b918,0x00000006cb880000)
 Metaspace       used 33706K, capacity 35390K, committed 35456K, reserved 1079296K
  class space    used 4578K, capacity 4930K, committed 4992K, reserved 1048576K
}
Event: 11.099 GC heap before
{Heap before GC invocations=9 (full 2):
 PSYoungGen      total 175616K, used 15721K [0x000000076c600000, 0x000000077e080000, 0x00000007c0000000)
  eden space 157696K, 0% used [0x000000076c600000,0x000000076c600000,0x0000000776000000)
  from space 17920K, 87% used [0x0000000776000000,0x0000000776f5a4f0,0x0000000777180000)
  to   space 19456K, 0% used [0x000000077cd80000,0x000000077cd80000,0x000000077e080000)
 ParOldGen       total 104960K, used 16494K [0x00000006c5200000, 0x00000006cb880000, 0x000000076c600000)
  object space 104960K, 15% used [0x00000006c5200000,0x00000006c621b918,0x00000006cb880000)
 Metaspace       used 33706K, capacity 35390K, committed 35456K, reserved 1079296K
  class space    used 4578K, capacity 4930K, committed 4992K, reserved 1048576K
Event: 11.211 GC heap after
Heap after GC invocations=9 (full 2):
 PSYoungGen      total 175616K, used 0K [0x000000076c600000, 0x000000077e080000, 0x00000007c0000000)
  eden space 157696K, 0% used [0x000000076c600000,0x000000076c600000,0x0000000776000000)
  from space 17920K, 0% used [0x0000000776000000,0x0000000776000000,0x0000000777180000)
  to   space 19456K, 0% used [0x000000077cd80000,0x000000077cd80000,0x000000077e080000)
 ParOldGen       total 171520K, used 23495K [0x00000006c5200000, 0x00000006cf980000, 0x000000076c600000)
  object space 171520K, 13% used [0x00000006c5200000,0x00000006c68f1da0,0x00000006cf980000)
 Metaspace       used 33706K, capacity 35390K, committed 35456K, reserved 1079296K
  class space    used 4578K, capacity 4930K, committed 4992K, reserved 1048576K
}
Event: 13.614 GC heap before
{Heap before GC invocations=10 (full 2):
 PSYoungGen      total 175616K, used 157696K [0x000000076c600000, 0x000000077e080000, 0x00000007c0000000)
  eden space 157696K, 100% used [0x000000076c600000,0x0000000776000000,0x0000000776000000)
  from space 17920K, 0% used [0x0000000776000000,0x0000000776000000,0x0000000777180000)
  to   space 19456K, 0% used [0x000000077cd80000,0x000000077cd80000,0x000000077e080000)
 ParOldGen       total 171520K, used 23495K [0x00000006c5200000, 0x00000006cf980000, 0x000000076c600000)
  object space 171520K, 13% used [0x00000006c5200000,0x00000006c68f1da0,0x00000006cf980000)
 Metaspace       used 39940K, capacity 42068K, committed 42240K, reserved 1085440K
  class space    used 5489K, capacity 5882K, committed 5888K, reserved 1048576K
Event: 13.629 GC heap after
Heap after GC invocations=10 (full 2):
 PSYoungGen      total 241152K, used 10947K [0x000000076c600000, 0x000000077d880000, 0x00000007c0000000)
  eden space 229888K, 0% used [0x000000076c600000,0x000000076c600000,0x000000077a680000)
  from space 11264K, 97% used [0x000000077cd80000,0x000000077d830f48,0x000000077d880000)
  to   space 18432K, 0% used [0x000000077b480000,0x000000077b480000,0x000000077c680000)
 ParOldGen       total 171520K, used 23503K [0x00000006c5200000, 0x00000006cf980000, 0x000000076c600000)
  object space 171520K, 13% used [0x00000006c5200000,0x00000006c68f3da0,0x00000006cf980000)
 Metaspace       used 39940K, capacity 42068K, committed 42240K, reserved 1085440K
  class space    used 5489K, capacity 5882K, committed 5888K, reserved 1048576K
}

